<?xml version="1.0" encoding="UTF-8"?>
<testsuite xmlns:xsi="http://www.w3.org/2001/XMLSchema-instance" xsi:noNamespaceSchemaLocation="https://maven.apache.org/surefire/maven-surefire-plugin/xsd/surefire-test-report.xsd" name="com.opt.optimum.ui.benefits.claimant.ClaimantServiceApplicationTests" time="15.659" tests="1" errors="0" skipped="0" failures="0">
  <properties>
    <property name="sun.desktop" value="windows"/>
    <property name="awt.toolkit" value="sun.awt.windows.WToolkit"/>
    <property name="java.specification.version" value="10"/>
    <property name="file.encoding.pkg" value="sun.io"/>
    <property name="sun.cpu.isalist" value="amd64"/>
    <property name="sun.jnu.encoding" value="Cp1252"/>
    <property name="java.class.path" value="D:\internship-master\ClaimantServiceNew\target\test-classes;D:\internship-master\ClaimantServiceNew\target\classes;D:\Users\jose.ibardaloza\.m2\repository\com\opt\optimum\ExceptionHandler\0.1.3\ExceptionHandler-0.1.3.jar;D:\Users\jose.ibardaloza\.m2\repository\org\springframework\boot\spring-boot-starter-mail\2.0.3.RELEASE\spring-boot-starter-mail-2.0.3.RELEASE.jar;D:\Users\jose.ibardaloza\.m2\repository\org\springframework\spring-context\5.0.7.RELEASE\spring-context-5.0.7.RELEASE.jar;D:\Users\jose.ibardaloza\.m2\repository\org\springframework\spring-context-support\5.0.7.RELEASE\spring-context-support-5.0.7.RELEASE.jar;D:\Users\jose.ibardaloza\.m2\repository\com\sun\mail\javax.mail\1.6.1\javax.mail-1.6.1.jar;D:\Users\jose.ibardaloza\.m2\repository\javax\activation\activation\1.1\activation-1.1.jar;D:\Users\jose.ibardaloza\.m2\repository\org\apache\commons\commons-lang3\3.7\commons-lang3-3.7.jar;D:\Users\jose.ibardaloza\.m2\repository\org\springframework\boot\spring-boot-starter-data-jpa\2.0.3.RELEASE\spring-boot-starter-data-jpa-2.0.3.RELEASE.jar;D:\Users\jose.ibardaloza\.m2\repository\org\springframework\boot\spring-boot-starter\2.0.3.RELEASE\spring-boot-starter-2.0.3.RELEASE.jar;D:\Users\jose.ibardaloza\.m2\repository\org\springframework\boot\spring-boot\2.0.3.RELEASE\spring-boot-2.0.3.RELEASE.jar;D:\Users\jose.ibardaloza\.m2\repository\org\springframework\boot\spring-boot-autoconfigure\2.0.3.RELEASE\spring-boot-autoconfigure-2.0.3.RELEASE.jar;D:\Users\jose.ibardaloza\.m2\repository\org\springframework\boot\spring-boot-starter-logging\2.0.3.RELEASE\spring-boot-starter-logging-2.0.3.RELEASE.jar;D:\Users\jose.ibardaloza\.m2\repository\org\apache\logging\log4j\log4j-to-slf4j\2.10.0\log4j-to-slf4j-2.10.0.jar;D:\Users\jose.ibardaloza\.m2\repository\org\apache\logging\log4j\log4j-api\2.11.0\log4j-api-2.11.0.jar;D:\Users\jose.ibardaloza\.m2\repository\org\slf4j\jul-to-slf4j\1.7.25\jul-to-slf4j-1.7.25.jar;D:\Users\jose.ibardaloza\.m2\repository\javax\annotation\javax.annotation-api\1.3.2\javax.annotation-api-1.3.2.jar;D:\Users\jose.ibardaloza\.m2\repository\org\yaml\snakeyaml\1.19\snakeyaml-1.19.jar;D:\Users\jose.ibardaloza\.m2\repository\org\springframework\boot\spring-boot-starter-aop\2.0.3.RELEASE\spring-boot-starter-aop-2.0.3.RELEASE.jar;D:\Users\jose.ibardaloza\.m2\repository\org\springframework\spring-aop\5.0.7.RELEASE\spring-aop-5.0.7.RELEASE.jar;D:\Users\jose.ibardaloza\.m2\repository\org\aspectj\aspectjweaver\1.8.13\aspectjweaver-1.8.13.jar;D:\Users\jose.ibardaloza\.m2\repository\org\springframework\boot\spring-boot-starter-jdbc\2.0.3.RELEASE\spring-boot-starter-jdbc-2.0.3.RELEASE.jar;D:\Users\jose.ibardaloza\.m2\repository\com\zaxxer\HikariCP\2.7.9\HikariCP-2.7.9.jar;D:\Users\jose.ibardaloza\.m2\repository\org\springframework\spring-jdbc\5.0.7.RELEASE\spring-jdbc-5.0.7.RELEASE.jar;D:\Users\jose.ibardaloza\.m2\repository\org\hibernate\hibernate-core\5.2.17.Final\hibernate-core-5.2.17.Final.jar;D:\Users\jose.ibardaloza\.m2\repository\org\hibernate\javax\persistence\hibernate-jpa-2.1-api\1.0.2.Final\hibernate-jpa-2.1-api-1.0.2.Final.jar;D:\Users\jose.ibardaloza\.m2\repository\org\javassist\javassist\3.22.0-GA\javassist-3.22.0-GA.jar;D:\Users\jose.ibardaloza\.m2\repository\antlr\antlr\2.7.7\antlr-2.7.7.jar;D:\Users\jose.ibardaloza\.m2\repository\org\jboss\jandex\2.0.3.Final\jandex-2.0.3.Final.jar;D:\Users\jose.ibardaloza\.m2\repository\dom4j\dom4j\1.6.1\dom4j-1.6.1.jar;D:\Users\jose.ibardaloza\.m2\repository\org\hibernate\common\hibernate-commons-annotations\5.0.1.Final\hibernate-commons-annotations-5.0.1.Final.jar;D:\Users\jose.ibardaloza\.m2\repository\javax\transaction\javax.transaction-api\1.2\javax.transaction-api-1.2.jar;D:\Users\jose.ibardaloza\.m2\repository\org\springframework\data\spring-data-jpa\2.0.8.RELEASE\spring-data-jpa-2.0.8.RELEASE.jar;D:\Users\jose.ibardaloza\.m2\repository\org\springframework\data\spring-data-commons\2.0.8.RELEASE\spring-data-commons-2.0.8.RELEASE.jar;D:\Users\jose.ibardaloza\.m2\repository\org\springframework\spring-orm\5.0.7.RELEASE\spring-orm-5.0.7.RELEASE.jar;D:\Users\jose.ibardaloza\.m2\repository\org\springframework\spring-tx\5.0.7.RELEASE\spring-tx-5.0.7.RELEASE.jar;D:\Users\jose.ibardaloza\.m2\repository\org\springframework\spring-beans\5.0.7.RELEASE\spring-beans-5.0.7.RELEASE.jar;D:\Users\jose.ibardaloza\.m2\repository\org\springframework\spring-aspects\5.0.7.RELEASE\spring-aspects-5.0.7.RELEASE.jar;D:\Users\jose.ibardaloza\.m2\repository\org\springframework\boot\spring-boot-starter-web\2.0.3.RELEASE\spring-boot-starter-web-2.0.3.RELEASE.jar;D:\Users\jose.ibardaloza\.m2\repository\org\springframework\boot\spring-boot-starter-json\2.0.3.RELEASE\spring-boot-starter-json-2.0.3.RELEASE.jar;D:\Users\jose.ibardaloza\.m2\repository\com\fasterxml\jackson\datatype\jackson-datatype-jdk8\2.9.6\jackson-datatype-jdk8-2.9.6.jar;D:\Users\jose.ibardaloza\.m2\repository\com\fasterxml\jackson\module\jackson-module-parameter-names\2.9.6\jackson-module-parameter-names-2.9.6.jar;D:\Users\jose.ibardaloza\.m2\repository\org\springframework\boot\spring-boot-starter-tomcat\2.0.3.RELEASE\spring-boot-starter-tomcat-2.0.3.RELEASE.jar;D:\Users\jose.ibardaloza\.m2\repository\org\apache\tomcat\embed\tomcat-embed-core\8.5.31\tomcat-embed-core-8.5.31.jar;D:\Users\jose.ibardaloza\.m2\repository\org\apache\tomcat\embed\tomcat-embed-el\8.5.31\tomcat-embed-el-8.5.31.jar;D:\Users\jose.ibardaloza\.m2\repository\org\apache\tomcat\embed\tomcat-embed-websocket\8.5.31\tomcat-embed-websocket-8.5.31.jar;D:\Users\jose.ibardaloza\.m2\repository\org\hibernate\validator\hibernate-validator\6.0.10.Final\hibernate-validator-6.0.10.Final.jar;D:\Users\jose.ibardaloza\.m2\repository\javax\validation\validation-api\2.0.1.Final\validation-api-2.0.1.Final.jar;D:\Users\jose.ibardaloza\.m2\repository\org\springframework\spring-web\5.0.7.RELEASE\spring-web-5.0.7.RELEASE.jar;D:\Users\jose.ibardaloza\.m2\repository\org\springframework\spring-webmvc\5.0.7.RELEASE\spring-webmvc-5.0.7.RELEASE.jar;D:\Users\jose.ibardaloza\.m2\repository\org\springframework\spring-expression\5.0.7.RELEASE\spring-expression-5.0.7.RELEASE.jar;D:\Users\jose.ibardaloza\.m2\repository\mysql\mysql-connector-java\5.1.46\mysql-connector-java-5.1.46.jar;D:\Users\jose.ibardaloza\.m2\repository\org\springframework\boot\spring-boot-starter-test\2.0.3.RELEASE\spring-boot-starter-test-2.0.3.RELEASE.jar;D:\Users\jose.ibardaloza\.m2\repository\org\springframework\boot\spring-boot-test\2.0.3.RELEASE\spring-boot-test-2.0.3.RELEASE.jar;D:\Users\jose.ibardaloza\.m2\repository\org\springframework\boot\spring-boot-test-autoconfigure\2.0.3.RELEASE\spring-boot-test-autoconfigure-2.0.3.RELEASE.jar;D:\Users\jose.ibardaloza\.m2\repository\com\jayway\jsonpath\json-path\2.4.0\json-path-2.4.0.jar;D:\Users\jose.ibardaloza\.m2\repository\net\minidev\json-smart\2.3\json-smart-2.3.jar;D:\Users\jose.ibardaloza\.m2\repository\net\minidev\accessors-smart\1.2\accessors-smart-1.2.jar;D:\Users\jose.ibardaloza\.m2\repository\org\ow2\asm\asm\5.0.4\asm-5.0.4.jar;D:\Users\jose.ibardaloza\.m2\repository\junit\junit\4.12\junit-4.12.jar;D:\Users\jose.ibardaloza\.m2\repository\org\assertj\assertj-core\3.9.1\assertj-core-3.9.1.jar;D:\Users\jose.ibardaloza\.m2\repository\org\mockito\mockito-core\2.15.0\mockito-core-2.15.0.jar;D:\Users\jose.ibardaloza\.m2\repository\net\bytebuddy\byte-buddy\1.7.11\byte-buddy-1.7.11.jar;D:\Users\jose.ibardaloza\.m2\repository\net\bytebuddy\byte-buddy-agent\1.7.11\byte-buddy-agent-1.7.11.jar;D:\Users\jose.ibardaloza\.m2\repository\org\objenesis\objenesis\2.6\objenesis-2.6.jar;D:\Users\jose.ibardaloza\.m2\repository\org\hamcrest\hamcrest-core\1.3\hamcrest-core-1.3.jar;D:\Users\jose.ibardaloza\.m2\repository\org\hamcrest\hamcrest-library\1.3\hamcrest-library-1.3.jar;D:\Users\jose.ibardaloza\.m2\repository\org\skyscreamer\jsonassert\1.5.0\jsonassert-1.5.0.jar;D:\Users\jose.ibardaloza\.m2\repository\com\vaadin\external\google\android-json\0.0.20131108.vaadin1\android-json-0.0.20131108.vaadin1.jar;D:\Users\jose.ibardaloza\.m2\repository\org\springframework\spring-core\5.0.7.RELEASE\spring-core-5.0.7.RELEASE.jar;D:\Users\jose.ibardaloza\.m2\repository\org\springframework\spring-jcl\5.0.7.RELEASE\spring-jcl-5.0.7.RELEASE.jar;D:\Users\jose.ibardaloza\.m2\repository\org\springframework\spring-test\5.0.7.RELEASE\spring-test-5.0.7.RELEASE.jar;D:\Users\jose.ibardaloza\.m2\repository\org\xmlunit\xmlunit-core\2.5.1\xmlunit-core-2.5.1.jar;D:\Users\jose.ibardaloza\.m2\repository\io\springfox\springfox-swagger2\2.5.0\springfox-swagger2-2.5.0.jar;D:\Users\jose.ibardaloza\.m2\repository\io\swagger\swagger-annotations\1.5.15\swagger-annotations-1.5.15.jar;D:\Users\jose.ibardaloza\.m2\repository\io\swagger\swagger-models\1.5.9\swagger-models-1.5.9.jar;D:\Users\jose.ibardaloza\.m2\repository\io\springfox\springfox-spi\2.5.0\springfox-spi-2.5.0.jar;D:\Users\jose.ibardaloza\.m2\repository\io\springfox\springfox-core\2.5.0\springfox-core-2.5.0.jar;D:\Users\jose.ibardaloza\.m2\repository\io\springfox\springfox-schema\2.5.0\springfox-schema-2.5.0.jar;D:\Users\jose.ibardaloza\.m2\repository\io\springfox\springfox-swagger-common\2.5.0\springfox-swagger-common-2.5.0.jar;D:\Users\jose.ibardaloza\.m2\repository\io\springfox\springfox-spring-web\2.5.0\springfox-spring-web-2.5.0.jar;D:\Users\jose.ibardaloza\.m2\repository\com\google\guava\guava\20.0\guava-20.0.jar;D:\Users\jose.ibardaloza\.m2\repository\com\fasterxml\classmate\1.3.4\classmate-1.3.4.jar;D:\Users\jose.ibardaloza\.m2\repository\org\slf4j\slf4j-api\1.7.25\slf4j-api-1.7.25.jar;D:\Users\jose.ibardaloza\.m2\repository\org\springframework\plugin\spring-plugin-core\1.2.0.RELEASE\spring-plugin-core-1.2.0.RELEASE.jar;D:\Users\jose.ibardaloza\.m2\repository\org\springframework\plugin\spring-plugin-metadata\1.2.0.RELEASE\spring-plugin-metadata-1.2.0.RELEASE.jar;D:\Users\jose.ibardaloza\.m2\repository\org\mapstruct\mapstruct\1.0.0.Final\mapstruct-1.0.0.Final.jar;D:\Users\jose.ibardaloza\.m2\repository\io\springfox\springfox-swagger-ui\2.5.0\springfox-swagger-ui-2.5.0.jar;D:\Users\jose.ibardaloza\.m2\repository\org\modelmapper\modelmapper\1.1.0\modelmapper-1.1.0.jar;D:\Users\jose.ibardaloza\.m2\repository\org\springframework\cloud\spring-cloud-starter-config\2.0.2.RELEASE\spring-cloud-starter-config-2.0.2.RELEASE.jar;D:\Users\jose.ibardaloza\.m2\repository\org\springframework\cloud\spring-cloud-starter\2.0.2.RELEASE\spring-cloud-starter-2.0.2.RELEASE.jar;D:\Users\jose.ibardaloza\.m2\repository\org\springframework\cloud\spring-cloud-context\2.0.2.RELEASE\spring-cloud-context-2.0.2.RELEASE.jar;D:\Users\jose.ibardaloza\.m2\repository\org\springframework\cloud\spring-cloud-commons\2.0.2.RELEASE\spring-cloud-commons-2.0.2.RELEASE.jar;D:\Users\jose.ibardaloza\.m2\repository\org\springframework\security\spring-security-rsa\1.0.7.RELEASE\spring-security-rsa-1.0.7.RELEASE.jar;D:\Users\jose.ibardaloza\.m2\repository\org\bouncycastle\bcpkix-jdk15on\1.60\bcpkix-jdk15on-1.60.jar;D:\Users\jose.ibardaloza\.m2\repository\org\bouncycastle\bcprov-jdk15on\1.60\bcprov-jdk15on-1.60.jar;D:\Users\jose.ibardaloza\.m2\repository\org\springframework\cloud\spring-cloud-config-client\2.0.2.RELEASE\spring-cloud-config-client-2.0.2.RELEASE.jar;D:\Users\jose.ibardaloza\.m2\repository\com\fasterxml\jackson\core\jackson-databind\2.9.6\jackson-databind-2.9.6.jar;D:\Users\jose.ibardaloza\.m2\repository\com\opt\optimum\platform\components\PlatformComponents\0.1.3\PlatformComponents-0.1.3.jar;D:\Users\jose.ibardaloza\.m2\repository\ch\qos\logback\logback-classic\1.2.3\logback-classic-1.2.3.jar;D:\Users\jose.ibardaloza\.m2\repository\ch\qos\logback\logback-core\1.2.3\logback-core-1.2.3.jar;D:\Users\jose.ibardaloza\.m2\repository\ch\qos\logback\contrib\logback-json-classic\0.1.5\logback-json-classic-0.1.5.jar;D:\Users\jose.ibardaloza\.m2\repository\ch\qos\logback\contrib\logback-json-core\0.1.5\logback-json-core-0.1.5.jar;D:\Users\jose.ibardaloza\.m2\repository\ch\qos\logback\contrib\logback-jackson\0.1.5\logback-jackson-0.1.5.jar;D:\Users\jose.ibardaloza\.m2\repository\net\logstash\logback\logstash-logback-encoder\5.3\logstash-logback-encoder-5.3.jar;D:\Users\jose.ibardaloza\.m2\repository\org\springframework\security\spring-security-crypto\5.0.6.RELEASE\spring-security-crypto-5.0.6.RELEASE.jar;D:\Users\jose.ibardaloza\.m2\repository\commons-validator\commons-validator\1.6\commons-validator-1.6.jar;D:\Users\jose.ibardaloza\.m2\repository\commons-beanutils\commons-beanutils\1.9.2\commons-beanutils-1.9.2.jar;D:\Users\jose.ibardaloza\.m2\repository\commons-digester\commons-digester\1.8.1\commons-digester-1.8.1.jar;D:\Users\jose.ibardaloza\.m2\repository\commons-logging\commons-logging\1.2\commons-logging-1.2.jar;D:\Users\jose.ibardaloza\.m2\repository\commons-collections\commons-collections\3.2.2\commons-collections-3.2.2.jar;D:\Users\jose.ibardaloza\.m2\repository\org\apache\commons\commons-text\1.1\commons-text-1.1.jar;D:\Users\jose.ibardaloza\.m2\repository\com\google\code\gson\gson\2.8.5\gson-2.8.5.jar;D:\Users\jose.ibardaloza\.m2\repository\org\codehaus\janino\janino\3.0.8\janino-3.0.8.jar;D:\Users\jose.ibardaloza\.m2\repository\org\codehaus\janino\commons-compiler\3.0.8\commons-compiler-3.0.8.jar;D:\Users\jose.ibardaloza\.m2\repository\org\springframework\boot\spring-boot-starter-actuator\2.0.3.RELEASE\spring-boot-starter-actuator-2.0.3.RELEASE.jar;D:\Users\jose.ibardaloza\.m2\repository\org\springframework\boot\spring-boot-actuator-autoconfigure\2.0.3.RELEASE\spring-boot-actuator-autoconfigure-2.0.3.RELEASE.jar;D:\Users\jose.ibardaloza\.m2\repository\org\springframework\boot\spring-boot-actuator\2.0.3.RELEASE\spring-boot-actuator-2.0.3.RELEASE.jar;D:\Users\jose.ibardaloza\.m2\repository\io\micrometer\micrometer-core\1.0.5\micrometer-core-1.0.5.jar;D:\Users\jose.ibardaloza\.m2\repository\org\hdrhistogram\HdrHistogram\2.1.10\HdrHistogram-2.1.10.jar;D:\Users\jose.ibardaloza\.m2\repository\org\latencyutils\LatencyUtils\2.0.3\LatencyUtils-2.0.3.jar;D:\Users\jose.ibardaloza\.m2\repository\com\opt\optimum\timezone\TimezoneHandler\0.0.1\TimezoneHandler-0.0.1.jar;D:\Users\jose.ibardaloza\.m2\repository\com\fasterxml\jackson\datatype\jackson-datatype-jsr310\2.8.10\jackson-datatype-jsr310-2.8.10.jar;D:\Users\jose.ibardaloza\.m2\repository\com\fasterxml\jackson\core\jackson-annotations\2.9.0\jackson-annotations-2.9.0.jar;D:\Users\jose.ibardaloza\.m2\repository\com\fasterxml\jackson\core\jackson-core\2.9.6\jackson-core-2.9.6.jar;D:\Users\jose.ibardaloza\.m2\repository\org\hibernate\hibernate-java8\5.2.17.Final\hibernate-java8-5.2.17.Final.jar;D:\Users\jose.ibardaloza\.m2\repository\org\jboss\logging\jboss-logging\3.3.2.Final\jboss-logging-3.3.2.Final.jar;D:\Users\jose.ibardaloza\.m2\repository\com\h2database\h2\1.4.197\h2-1.4.197.jar;D:\Users\jose.ibardaloza\.m2\repository\javax\xml\bind\jaxb-api\2.3.0\jaxb-api-2.3.0.jar;D:\Users\jose.ibardaloza\.m2\repository\com\sun\xml\bind\jaxb-impl\2.1.14\jaxb-impl-2.1.14.jar;D:\Users\jose.ibardaloza\.m2\repository\com\sun\xml\bind\jaxb-core\2.1.14\jaxb-core-2.1.14.jar;D:\Users\jose.ibardaloza\.m2\repository\com\sun\xml\fastinfoset\FastInfoset\1.2.12\FastInfoset-1.2.12.jar;D:\Users\jose.ibardaloza\.m2\repository\javax\xml\bind\jsr173_api\1.0\jsr173_api-1.0.jar;"/>
    <property name="java.vm.vendor" value="&quot;Oracle Corporation&quot;"/>
    <property name="sun.arch.data.model" value="64"/>
    <property name="user.variant" value=""/>
    <property name="java.vendor.url" value="http://java.oracle.com/"/>
    <property name="user.timezone" value=""/>
    <property name="java.vm.specification.version" value="10"/>
    <property name="os.name" value="Windows Server 2016"/>
    <property name="sun.java.launcher" value="SUN_STANDARD"/>
    <property name="user.country" value="US"/>
    <property name="sun.boot.library.path" value="C:\Program Files\Java\jdk-10.0.2\bin"/>
    <property name="sun.java.command" value="D:\Users\jose.ibardaloza\AppData\Local\Temp\1\surefire14728345031535768300\surefirebooter14855550983300481213.jar D:\Users\jose.ibardaloza\AppData\Local\Temp\1\surefire14728345031535768300 2019-06-04T16-33-34_696-jvmRun1 surefire16064173760941499062tmp surefire_010003503608735628101tmp"/>
    <property name="jdk.debug" value="release"/>
    <property name="surefire.test.class.path" value="D:\internship-master\ClaimantServiceNew\target\test-classes;D:\internship-master\ClaimantServiceNew\target\classes;D:\Users\jose.ibardaloza\.m2\repository\com\opt\optimum\ExceptionHandler\0.1.3\ExceptionHandler-0.1.3.jar;D:\Users\jose.ibardaloza\.m2\repository\org\springframework\boot\spring-boot-starter-mail\2.0.3.RELEASE\spring-boot-starter-mail-2.0.3.RELEASE.jar;D:\Users\jose.ibardaloza\.m2\repository\org\springframework\spring-context\5.0.7.RELEASE\spring-context-5.0.7.RELEASE.jar;D:\Users\jose.ibardaloza\.m2\repository\org\springframework\spring-context-support\5.0.7.RELEASE\spring-context-support-5.0.7.RELEASE.jar;D:\Users\jose.ibardaloza\.m2\repository\com\sun\mail\javax.mail\1.6.1\javax.mail-1.6.1.jar;D:\Users\jose.ibardaloza\.m2\repository\javax\activation\activation\1.1\activation-1.1.jar;D:\Users\jose.ibardaloza\.m2\repository\org\apache\commons\commons-lang3\3.7\commons-lang3-3.7.jar;D:\Users\jose.ibardaloza\.m2\repository\org\springframework\boot\spring-boot-starter-data-jpa\2.0.3.RELEASE\spring-boot-starter-data-jpa-2.0.3.RELEASE.jar;D:\Users\jose.ibardaloza\.m2\repository\org\springframework\boot\spring-boot-starter\2.0.3.RELEASE\spring-boot-starter-2.0.3.RELEASE.jar;D:\Users\jose.ibardaloza\.m2\repository\org\springframework\boot\spring-boot\2.0.3.RELEASE\spring-boot-2.0.3.RELEASE.jar;D:\Users\jose.ibardaloza\.m2\repository\org\springframework\boot\spring-boot-autoconfigure\2.0.3.RELEASE\spring-boot-autoconfigure-2.0.3.RELEASE.jar;D:\Users\jose.ibardaloza\.m2\repository\org\springframework\boot\spring-boot-starter-logging\2.0.3.RELEASE\spring-boot-starter-logging-2.0.3.RELEASE.jar;D:\Users\jose.ibardaloza\.m2\repository\org\apache\logging\log4j\log4j-to-slf4j\2.10.0\log4j-to-slf4j-2.10.0.jar;D:\Users\jose.ibardaloza\.m2\repository\org\apache\logging\log4j\log4j-api\2.11.0\log4j-api-2.11.0.jar;D:\Users\jose.ibardaloza\.m2\repository\org\slf4j\jul-to-slf4j\1.7.25\jul-to-slf4j-1.7.25.jar;D:\Users\jose.ibardaloza\.m2\repository\javax\annotation\javax.annotation-api\1.3.2\javax.annotation-api-1.3.2.jar;D:\Users\jose.ibardaloza\.m2\repository\org\yaml\snakeyaml\1.19\snakeyaml-1.19.jar;D:\Users\jose.ibardaloza\.m2\repository\org\springframework\boot\spring-boot-starter-aop\2.0.3.RELEASE\spring-boot-starter-aop-2.0.3.RELEASE.jar;D:\Users\jose.ibardaloza\.m2\repository\org\springframework\spring-aop\5.0.7.RELEASE\spring-aop-5.0.7.RELEASE.jar;D:\Users\jose.ibardaloza\.m2\repository\org\aspectj\aspectjweaver\1.8.13\aspectjweaver-1.8.13.jar;D:\Users\jose.ibardaloza\.m2\repository\org\springframework\boot\spring-boot-starter-jdbc\2.0.3.RELEASE\spring-boot-starter-jdbc-2.0.3.RELEASE.jar;D:\Users\jose.ibardaloza\.m2\repository\com\zaxxer\HikariCP\2.7.9\HikariCP-2.7.9.jar;D:\Users\jose.ibardaloza\.m2\repository\org\springframework\spring-jdbc\5.0.7.RELEASE\spring-jdbc-5.0.7.RELEASE.jar;D:\Users\jose.ibardaloza\.m2\repository\org\hibernate\hibernate-core\5.2.17.Final\hibernate-core-5.2.17.Final.jar;D:\Users\jose.ibardaloza\.m2\repository\org\hibernate\javax\persistence\hibernate-jpa-2.1-api\1.0.2.Final\hibernate-jpa-2.1-api-1.0.2.Final.jar;D:\Users\jose.ibardaloza\.m2\repository\org\javassist\javassist\3.22.0-GA\javassist-3.22.0-GA.jar;D:\Users\jose.ibardaloza\.m2\repository\antlr\antlr\2.7.7\antlr-2.7.7.jar;D:\Users\jose.ibardaloza\.m2\repository\org\jboss\jandex\2.0.3.Final\jandex-2.0.3.Final.jar;D:\Users\jose.ibardaloza\.m2\repository\dom4j\dom4j\1.6.1\dom4j-1.6.1.jar;D:\Users\jose.ibardaloza\.m2\repository\org\hibernate\common\hibernate-commons-annotations\5.0.1.Final\hibernate-commons-annotations-5.0.1.Final.jar;D:\Users\jose.ibardaloza\.m2\repository\javax\transaction\javax.transaction-api\1.2\javax.transaction-api-1.2.jar;D:\Users\jose.ibardaloza\.m2\repository\org\springframework\data\spring-data-jpa\2.0.8.RELEASE\spring-data-jpa-2.0.8.RELEASE.jar;D:\Users\jose.ibardaloza\.m2\repository\org\springframework\data\spring-data-commons\2.0.8.RELEASE\spring-data-commons-2.0.8.RELEASE.jar;D:\Users\jose.ibardaloza\.m2\repository\org\springframework\spring-orm\5.0.7.RELEASE\spring-orm-5.0.7.RELEASE.jar;D:\Users\jose.ibardaloza\.m2\repository\org\springframework\spring-tx\5.0.7.RELEASE\spring-tx-5.0.7.RELEASE.jar;D:\Users\jose.ibardaloza\.m2\repository\org\springframework\spring-beans\5.0.7.RELEASE\spring-beans-5.0.7.RELEASE.jar;D:\Users\jose.ibardaloza\.m2\repository\org\springframework\spring-aspects\5.0.7.RELEASE\spring-aspects-5.0.7.RELEASE.jar;D:\Users\jose.ibardaloza\.m2\repository\org\springframework\boot\spring-boot-starter-web\2.0.3.RELEASE\spring-boot-starter-web-2.0.3.RELEASE.jar;D:\Users\jose.ibardaloza\.m2\repository\org\springframework\boot\spring-boot-starter-json\2.0.3.RELEASE\spring-boot-starter-json-2.0.3.RELEASE.jar;D:\Users\jose.ibardaloza\.m2\repository\com\fasterxml\jackson\datatype\jackson-datatype-jdk8\2.9.6\jackson-datatype-jdk8-2.9.6.jar;D:\Users\jose.ibardaloza\.m2\repository\com\fasterxml\jackson\module\jackson-module-parameter-names\2.9.6\jackson-module-parameter-names-2.9.6.jar;D:\Users\jose.ibardaloza\.m2\repository\org\springframework\boot\spring-boot-starter-tomcat\2.0.3.RELEASE\spring-boot-starter-tomcat-2.0.3.RELEASE.jar;D:\Users\jose.ibardaloza\.m2\repository\org\apache\tomcat\embed\tomcat-embed-core\8.5.31\tomcat-embed-core-8.5.31.jar;D:\Users\jose.ibardaloza\.m2\repository\org\apache\tomcat\embed\tomcat-embed-el\8.5.31\tomcat-embed-el-8.5.31.jar;D:\Users\jose.ibardaloza\.m2\repository\org\apache\tomcat\embed\tomcat-embed-websocket\8.5.31\tomcat-embed-websocket-8.5.31.jar;D:\Users\jose.ibardaloza\.m2\repository\org\hibernate\validator\hibernate-validator\6.0.10.Final\hibernate-validator-6.0.10.Final.jar;D:\Users\jose.ibardaloza\.m2\repository\javax\validation\validation-api\2.0.1.Final\validation-api-2.0.1.Final.jar;D:\Users\jose.ibardaloza\.m2\repository\org\springframework\spring-web\5.0.7.RELEASE\spring-web-5.0.7.RELEASE.jar;D:\Users\jose.ibardaloza\.m2\repository\org\springframework\spring-webmvc\5.0.7.RELEASE\spring-webmvc-5.0.7.RELEASE.jar;D:\Users\jose.ibardaloza\.m2\repository\org\springframework\spring-expression\5.0.7.RELEASE\spring-expression-5.0.7.RELEASE.jar;D:\Users\jose.ibardaloza\.m2\repository\mysql\mysql-connector-java\5.1.46\mysql-connector-java-5.1.46.jar;D:\Users\jose.ibardaloza\.m2\repository\org\springframework\boot\spring-boot-starter-test\2.0.3.RELEASE\spring-boot-starter-test-2.0.3.RELEASE.jar;D:\Users\jose.ibardaloza\.m2\repository\org\springframework\boot\spring-boot-test\2.0.3.RELEASE\spring-boot-test-2.0.3.RELEASE.jar;D:\Users\jose.ibardaloza\.m2\repository\org\springframework\boot\spring-boot-test-autoconfigure\2.0.3.RELEASE\spring-boot-test-autoconfigure-2.0.3.RELEASE.jar;D:\Users\jose.ibardaloza\.m2\repository\com\jayway\jsonpath\json-path\2.4.0\json-path-2.4.0.jar;D:\Users\jose.ibardaloza\.m2\repository\net\minidev\json-smart\2.3\json-smart-2.3.jar;D:\Users\jose.ibardaloza\.m2\repository\net\minidev\accessors-smart\1.2\accessors-smart-1.2.jar;D:\Users\jose.ibardaloza\.m2\repository\org\ow2\asm\asm\5.0.4\asm-5.0.4.jar;D:\Users\jose.ibardaloza\.m2\repository\junit\junit\4.12\junit-4.12.jar;D:\Users\jose.ibardaloza\.m2\repository\org\assertj\assertj-core\3.9.1\assertj-core-3.9.1.jar;D:\Users\jose.ibardaloza\.m2\repository\org\mockito\mockito-core\2.15.0\mockito-core-2.15.0.jar;D:\Users\jose.ibardaloza\.m2\repository\net\bytebuddy\byte-buddy\1.7.11\byte-buddy-1.7.11.jar;D:\Users\jose.ibardaloza\.m2\repository\net\bytebuddy\byte-buddy-agent\1.7.11\byte-buddy-agent-1.7.11.jar;D:\Users\jose.ibardaloza\.m2\repository\org\objenesis\objenesis\2.6\objenesis-2.6.jar;D:\Users\jose.ibardaloza\.m2\repository\org\hamcrest\hamcrest-core\1.3\hamcrest-core-1.3.jar;D:\Users\jose.ibardaloza\.m2\repository\org\hamcrest\hamcrest-library\1.3\hamcrest-library-1.3.jar;D:\Users\jose.ibardaloza\.m2\repository\org\skyscreamer\jsonassert\1.5.0\jsonassert-1.5.0.jar;D:\Users\jose.ibardaloza\.m2\repository\com\vaadin\external\google\android-json\0.0.20131108.vaadin1\android-json-0.0.20131108.vaadin1.jar;D:\Users\jose.ibardaloza\.m2\repository\org\springframework\spring-core\5.0.7.RELEASE\spring-core-5.0.7.RELEASE.jar;D:\Users\jose.ibardaloza\.m2\repository\org\springframework\spring-jcl\5.0.7.RELEASE\spring-jcl-5.0.7.RELEASE.jar;D:\Users\jose.ibardaloza\.m2\repository\org\springframework\spring-test\5.0.7.RELEASE\spring-test-5.0.7.RELEASE.jar;D:\Users\jose.ibardaloza\.m2\repository\org\xmlunit\xmlunit-core\2.5.1\xmlunit-core-2.5.1.jar;D:\Users\jose.ibardaloza\.m2\repository\io\springfox\springfox-swagger2\2.5.0\springfox-swagger2-2.5.0.jar;D:\Users\jose.ibardaloza\.m2\repository\io\swagger\swagger-annotations\1.5.15\swagger-annotations-1.5.15.jar;D:\Users\jose.ibardaloza\.m2\repository\io\swagger\swagger-models\1.5.9\swagger-models-1.5.9.jar;D:\Users\jose.ibardaloza\.m2\repository\io\springfox\springfox-spi\2.5.0\springfox-spi-2.5.0.jar;D:\Users\jose.ibardaloza\.m2\repository\io\springfox\springfox-core\2.5.0\springfox-core-2.5.0.jar;D:\Users\jose.ibardaloza\.m2\repository\io\springfox\springfox-schema\2.5.0\springfox-schema-2.5.0.jar;D:\Users\jose.ibardaloza\.m2\repository\io\springfox\springfox-swagger-common\2.5.0\springfox-swagger-common-2.5.0.jar;D:\Users\jose.ibardaloza\.m2\repository\io\springfox\springfox-spring-web\2.5.0\springfox-spring-web-2.5.0.jar;D:\Users\jose.ibardaloza\.m2\repository\com\google\guava\guava\20.0\guava-20.0.jar;D:\Users\jose.ibardaloza\.m2\repository\com\fasterxml\classmate\1.3.4\classmate-1.3.4.jar;D:\Users\jose.ibardaloza\.m2\repository\org\slf4j\slf4j-api\1.7.25\slf4j-api-1.7.25.jar;D:\Users\jose.ibardaloza\.m2\repository\org\springframework\plugin\spring-plugin-core\1.2.0.RELEASE\spring-plugin-core-1.2.0.RELEASE.jar;D:\Users\jose.ibardaloza\.m2\repository\org\springframework\plugin\spring-plugin-metadata\1.2.0.RELEASE\spring-plugin-metadata-1.2.0.RELEASE.jar;D:\Users\jose.ibardaloza\.m2\repository\org\mapstruct\mapstruct\1.0.0.Final\mapstruct-1.0.0.Final.jar;D:\Users\jose.ibardaloza\.m2\repository\io\springfox\springfox-swagger-ui\2.5.0\springfox-swagger-ui-2.5.0.jar;D:\Users\jose.ibardaloza\.m2\repository\org\modelmapper\modelmapper\1.1.0\modelmapper-1.1.0.jar;D:\Users\jose.ibardaloza\.m2\repository\org\springframework\cloud\spring-cloud-starter-config\2.0.2.RELEASE\spring-cloud-starter-config-2.0.2.RELEASE.jar;D:\Users\jose.ibardaloza\.m2\repository\org\springframework\cloud\spring-cloud-starter\2.0.2.RELEASE\spring-cloud-starter-2.0.2.RELEASE.jar;D:\Users\jose.ibardaloza\.m2\repository\org\springframework\cloud\spring-cloud-context\2.0.2.RELEASE\spring-cloud-context-2.0.2.RELEASE.jar;D:\Users\jose.ibardaloza\.m2\repository\org\springframework\cloud\spring-cloud-commons\2.0.2.RELEASE\spring-cloud-commons-2.0.2.RELEASE.jar;D:\Users\jose.ibardaloza\.m2\repository\org\springframework\security\spring-security-rsa\1.0.7.RELEASE\spring-security-rsa-1.0.7.RELEASE.jar;D:\Users\jose.ibardaloza\.m2\repository\org\bouncycastle\bcpkix-jdk15on\1.60\bcpkix-jdk15on-1.60.jar;D:\Users\jose.ibardaloza\.m2\repository\org\bouncycastle\bcprov-jdk15on\1.60\bcprov-jdk15on-1.60.jar;D:\Users\jose.ibardaloza\.m2\repository\org\springframework\cloud\spring-cloud-config-client\2.0.2.RELEASE\spring-cloud-config-client-2.0.2.RELEASE.jar;D:\Users\jose.ibardaloza\.m2\repository\com\fasterxml\jackson\core\jackson-databind\2.9.6\jackson-databind-2.9.6.jar;D:\Users\jose.ibardaloza\.m2\repository\com\opt\optimum\platform\components\PlatformComponents\0.1.3\PlatformComponents-0.1.3.jar;D:\Users\jose.ibardaloza\.m2\repository\ch\qos\logback\logback-classic\1.2.3\logback-classic-1.2.3.jar;D:\Users\jose.ibardaloza\.m2\repository\ch\qos\logback\logback-core\1.2.3\logback-core-1.2.3.jar;D:\Users\jose.ibardaloza\.m2\repository\ch\qos\logback\contrib\logback-json-classic\0.1.5\logback-json-classic-0.1.5.jar;D:\Users\jose.ibardaloza\.m2\repository\ch\qos\logback\contrib\logback-json-core\0.1.5\logback-json-core-0.1.5.jar;D:\Users\jose.ibardaloza\.m2\repository\ch\qos\logback\contrib\logback-jackson\0.1.5\logback-jackson-0.1.5.jar;D:\Users\jose.ibardaloza\.m2\repository\net\logstash\logback\logstash-logback-encoder\5.3\logstash-logback-encoder-5.3.jar;D:\Users\jose.ibardaloza\.m2\repository\org\springframework\security\spring-security-crypto\5.0.6.RELEASE\spring-security-crypto-5.0.6.RELEASE.jar;D:\Users\jose.ibardaloza\.m2\repository\commons-validator\commons-validator\1.6\commons-validator-1.6.jar;D:\Users\jose.ibardaloza\.m2\repository\commons-beanutils\commons-beanutils\1.9.2\commons-beanutils-1.9.2.jar;D:\Users\jose.ibardaloza\.m2\repository\commons-digester\commons-digester\1.8.1\commons-digester-1.8.1.jar;D:\Users\jose.ibardaloza\.m2\repository\commons-logging\commons-logging\1.2\commons-logging-1.2.jar;D:\Users\jose.ibardaloza\.m2\repository\commons-collections\commons-collections\3.2.2\commons-collections-3.2.2.jar;D:\Users\jose.ibardaloza\.m2\repository\org\apache\commons\commons-text\1.1\commons-text-1.1.jar;D:\Users\jose.ibardaloza\.m2\repository\com\google\code\gson\gson\2.8.5\gson-2.8.5.jar;D:\Users\jose.ibardaloza\.m2\repository\org\codehaus\janino\janino\3.0.8\janino-3.0.8.jar;D:\Users\jose.ibardaloza\.m2\repository\org\codehaus\janino\commons-compiler\3.0.8\commons-compiler-3.0.8.jar;D:\Users\jose.ibardaloza\.m2\repository\org\springframework\boot\spring-boot-starter-actuator\2.0.3.RELEASE\spring-boot-starter-actuator-2.0.3.RELEASE.jar;D:\Users\jose.ibardaloza\.m2\repository\org\springframework\boot\spring-boot-actuator-autoconfigure\2.0.3.RELEASE\spring-boot-actuator-autoconfigure-2.0.3.RELEASE.jar;D:\Users\jose.ibardaloza\.m2\repository\org\springframework\boot\spring-boot-actuator\2.0.3.RELEASE\spring-boot-actuator-2.0.3.RELEASE.jar;D:\Users\jose.ibardaloza\.m2\repository\io\micrometer\micrometer-core\1.0.5\micrometer-core-1.0.5.jar;D:\Users\jose.ibardaloza\.m2\repository\org\hdrhistogram\HdrHistogram\2.1.10\HdrHistogram-2.1.10.jar;D:\Users\jose.ibardaloza\.m2\repository\org\latencyutils\LatencyUtils\2.0.3\LatencyUtils-2.0.3.jar;D:\Users\jose.ibardaloza\.m2\repository\com\opt\optimum\timezone\TimezoneHandler\0.0.1\TimezoneHandler-0.0.1.jar;D:\Users\jose.ibardaloza\.m2\repository\com\fasterxml\jackson\datatype\jackson-datatype-jsr310\2.8.10\jackson-datatype-jsr310-2.8.10.jar;D:\Users\jose.ibardaloza\.m2\repository\com\fasterxml\jackson\core\jackson-annotations\2.9.0\jackson-annotations-2.9.0.jar;D:\Users\jose.ibardaloza\.m2\repository\com\fasterxml\jackson\core\jackson-core\2.9.6\jackson-core-2.9.6.jar;D:\Users\jose.ibardaloza\.m2\repository\org\hibernate\hibernate-java8\5.2.17.Final\hibernate-java8-5.2.17.Final.jar;D:\Users\jose.ibardaloza\.m2\repository\org\jboss\logging\jboss-logging\3.3.2.Final\jboss-logging-3.3.2.Final.jar;D:\Users\jose.ibardaloza\.m2\repository\com\h2database\h2\1.4.197\h2-1.4.197.jar;D:\Users\jose.ibardaloza\.m2\repository\javax\xml\bind\jaxb-api\2.3.0\jaxb-api-2.3.0.jar;D:\Users\jose.ibardaloza\.m2\repository\com\sun\xml\bind\jaxb-impl\2.1.14\jaxb-impl-2.1.14.jar;D:\Users\jose.ibardaloza\.m2\repository\com\sun\xml\bind\jaxb-core\2.1.14\jaxb-core-2.1.14.jar;D:\Users\jose.ibardaloza\.m2\repository\com\sun\xml\fastinfoset\FastInfoset\1.2.12\FastInfoset-1.2.12.jar;D:\Users\jose.ibardaloza\.m2\repository\javax\xml\bind\jsr173_api\1.0\jsr173_api-1.0.jar;"/>
    <property name="sun.cpu.endian" value="little"/>
    <property name="user.home" value="D:\Users\jose.ibardaloza"/>
    <property name="user.language" value="en"/>
    <property name="java.specification.vendor" value="Oracle Corporation"/>
    <property name="java.version.date" value="2018-07-17"/>
    <property name="java.home" value="C:\Program Files\Java\jdk-10.0.2"/>
    <property name="file.separator" value="\"/>
    <property name="basedir" value="D:\internship-master\ClaimantServiceNew"/>
    <property name="java.vm.compressedOopsMode" value="32-bit"/>
    <property name="line.separator" value="&#10;"/>
    <property name="java.specification.name" value="Java Platform API Specification"/>
    <property name="java.vm.specification.vendor" value="Oracle Corporation"/>
    <property name="java.awt.graphicsenv" value="sun.awt.Win32GraphicsEnvironment"/>
    <property name="surefire.real.class.path" value="D:\Users\jose.ibardaloza\AppData\Local\Temp\1\surefire14728345031535768300\surefirebooter14855550983300481213.jar"/>
    <property name="user.script" value=""/>
    <property name="sun.management.compiler" value="HotSpot 64-Bit Tiered Compilers"/>
    <property name="java.runtime.version" value="10.0.2+13"/>
    <property name="user.name" value="jose.ibardaloza"/>
    <property name="path.separator" value=";"/>
    <property name="os.version" value="10.0"/>
    <property name="java.runtime.name" value="Java(TM) SE Runtime Environment"/>
    <property name="file.encoding" value="Cp1252"/>
    <property name="java.vm.name" value="Java HotSpot(TM) 64-Bit Server VM"/>
    <property name="java.vendor.version" value="18.3"/>
    <property name="localRepository" value="D:\Users\jose.ibardaloza\.m2\repository"/>
    <property name="java.vendor.url.bug" value="http://bugreport.java.com/bugreport/"/>
    <property name="java.io.tmpdir" value="D:\Users\jose.ibardaloza\AppData\Local\Temp\1\"/>
    <property name="java.version" value="10.0.2"/>
    <property name="user.dir" value="D:\internship-master\ClaimantServiceNew"/>
    <property name="os.arch" value="amd64"/>
    <property name="java.vm.specification.name" value="Java Virtual Machine Specification"/>
    <property name="java.awt.printerjob" value="sun.awt.windows.WPrinterJob"/>
    <property name="sun.os.patch.level" value=""/>
    <property name="java.library.path" value="C:\Program Files\Java\jdk-10.0.2\bin;C:\Windows\Sun\Java\bin;C:\Windows\system32;C:\Windows;C:\Program Files (x86)\Common Files\Oracle\Java\javapath;C:\Windows\system32;C:\Windows;C:\Windows\System32\Wbem;C:\Windows\System32\WindowsPowerShell\v1.0\;C:\Program Files\Amazon\cfn-bootstrap\;C:\Program Files (x86)\Microsoft SQL Server\Client SDK\ODBC\130\Tools\Binn\;C:\Program Files (x86)\Microsoft SQL Server\140\Tools\Binn\;C:\Program Files (x86)\Microsoft SQL Server\140\DTS\Binn\;C:\Program Files (x86)\Microsoft SQL Server\140\Tools\Binn\ManagementStudio\;D:\Users\jose.ibardaloza\.dnx\bin;C:\Program Files\Microsoft DNX\Dnvm\;C:\Program Files\Microsoft SQL Server\130\Tools\Binn\;C:\Program Files\Microsoft VS Code\bin;D:\Users\jose.ibardaloza\AppData\Local\Microsoft\WindowsApps;;."/>
    <property name="java.vendor" value="Oracle Corporation"/>
    <property name="java.vm.info" value="mixed mode"/>
    <property name="java.vm.version" value="10.0.2+13"/>
    <property name="sun.io.unicode.encoding" value="UnicodeLittle"/>
    <property name="java.class.version" value="54.0"/>
  </properties>
  <testcase name="contextLoads" classname="com.opt.optimum.ui.benefits.claimant.ClaimantServiceApplicationTests" time="0.128"/>
</testsuite>